# JRE version: OpenJDK Runtime Environment Temurin-21.0.3+9 (21.0.3+9) (build 21.0.3+9-LTS)
# Java VM: OpenJDK 64-Bit Server VM Temurin-21.0.3+9 (21.0.3+9-LTS, mixed mode, emulated-client, tiered, compressed oops, compressed class ptrs, g1 gc, windows-amd64)
GC Precious Log:
 CardTable entry size: 512
 Card Set container configuration: InlinePtr #cards 4 size 8 Array Of Cards #cards 16 size 48 Howl #buckets 8 coarsen threshold 3686 Howl Bitmap #cards 512 size 80 coarsen threshold 460 Card regions per heap region 1 cards per card region 4096
 CPUs: 12 total, 12 available
 Memory: 15712M
 Large Page Support: Disabled
 NUMA Support: Disabled
 Compressed Oops: Enabled (Zero based)
 Heap Region Size: 2M
 Heap Min Capacity: 8M
 Heap Initial Capacity: 246M
 Heap Max Capacity: 3930M
 Pre-touch: Disabled
 Parallel Workers: 10
 Concurrent Workers: 3
 Concurrent Refinement Workers: 10
 Periodic GC: Disabled
Heap:
 garbage-first heap   total 116736K, used 77931K [0x000000070a600000, 0x0000000800000000)
  region size 2048K, 21 young (43008K), 3 survivors (6144K)
 Metaspace       used 104209K, committed 104960K, reserved 1179648K
  class space    used 14092K, committed 14464K, reserved 1048576K
GC Heap History (20 events):
Event: 465.571 GC heap before
{Heap before GC invocations=32 (full 1):
 garbage-first heap   total 116736K, used 99551K [0x000000070a600000, 0x0000000800000000)
  region size 2048K, 34 young (69632K), 0 survivors (0K)
 Metaspace       used 100756K, committed 101696K, reserved 1179648K
  class space    used 13767K, committed 14208K, reserved 1048576K
}
Event: 465.578 GC heap after
{Heap after GC invocations=33 (full 1):
 garbage-first heap   total 116736K, used 39287K [0x000000070a600000, 0x0000000800000000)
  region size 2048K, 4 young (8192K), 4 survivors (8192K)
 Metaspace       used 100756K, committed 101696K, reserved 1179648K
  class space    used 13767K, committed 14208K, reserved 1048576K
}
Event: 466.484 GC heap before
{Heap before GC invocations=33 (full 1):
 garbage-first heap   total 116736K, used 96631K [0x000000070a600000, 0x0000000800000000)
  region size 2048K, 32 young (65536K), 4 survivors (8192K)
 Metaspace       used 101503K, committed 102272K, reserved 1179648K
  class space    used 13863K, committed 14208K, reserved 1048576K
}
Event: 466.494 GC heap after
{Heap after GC invocations=34 (full 1):
 garbage-first heap   total 116736K, used 44357K [0x000000070a600000, 0x0000000800000000)
  region size 2048K, 4 young (8192K), 4 survivors (8192K)
 Metaspace       used 101503K, committed 102272K, reserved 1179648K
  class space    used 13863K, committed 14208K, reserved 1048576K
}
Event: 482.093 GC heap before
{Heap before GC invocations=34 (full 1):
 garbage-first heap   total 116736K, used 54597K [0x000000070a600000, 0x0000000800000000)
  region size 2048K, 10 young (20480K), 4 survivors (8192K)
 Metaspace       used 101730K, committed 102528K, reserved 1179648K
  class space    used 13883K, committed 14272K, reserved 1048576K
}
Event: 482.192 GC heap after
{Heap after GC invocations=35 (full 2):
 garbage-first heap   total 116736K, used 35959K [0x000000070a600000, 0x0000000800000000)
  region size 2048K, 0 young (0K), 0 survivors (0K)
 Metaspace       used 101540K, committed 102528K, reserved 1179648K
  class space    used 13840K, committed 14272K, reserved 1048576K
}
Event: 484.464 GC heap before
{Heap before GC invocations=35 (full 2):
 garbage-first heap   total 116736K, used 95351K [0x000000070a600000, 0x0000000800000000)
  region size 2048K, 30 young (61440K), 0 survivors (0K)
 Metaspace       used 101815K, committed 102592K, reserved 1179648K
  class space    used 13879K, committed 14272K, reserved 1048576K
}
Event: 484.470 GC heap after
{Heap after GC invocations=36 (full 2):
 garbage-first heap   total 116736K, used 41786K [0x000000070a600000, 0x0000000800000000)
  region size 2048K, 3 young (6144K), 3 survivors (6144K)
 Metaspace       used 101815K, committed 102592K, reserved 1179648K
  class space    used 13879K, committed 14272K, reserved 1048576K
}
Event: 485.275 GC heap before
{Heap before GC invocations=36 (full 2):
 garbage-first heap   total 116736K, used 95034K [0x000000070a600000, 0x0000000800000000)
  region size 2048K, 30 young (61440K), 3 survivors (6144K)
 Metaspace       used 102338K, committed 103104K, reserved 1179648K
  class space    used 13919K, committed 14272K, reserved 1048576K
}
Event: 485.287 GC heap after
{Heap after GC invocations=37 (full 2):
 garbage-first heap   total 116736K, used 45411K [0x000000070a600000, 0x0000000800000000)
  region size 2048K, 3 young (6144K), 3 survivors (6144K)
 Metaspace       used 102338K, committed 103104K, reserved 1179648K
  class space    used 13919K, committed 14272K, reserved 1048576K
}
Event: 509.605 GC heap before
{Heap before GC invocations=37 (full 2):
 garbage-first heap   total 116736K, used 59747K [0x000000070a600000, 0x0000000800000000)
  region size 2048K, 11 young (22528K), 3 survivors (6144K)
 Metaspace       used 102532K, committed 103296K, reserved 1179648K
  class space    used 13939K, committed 14336K, reserved 1048576K
}
Event: 509.704 GC heap after
{Heap after GC invocations=38 (full 3):
 garbage-first heap   total 116736K, used 36683K [0x000000070a600000, 0x0000000800000000)
  region size 2048K, 0 young (0K), 0 survivors (0K)
 Metaspace       used 102511K, committed 103296K, reserved 1179648K
  class space    used 13937K, committed 14336K, reserved 1048576K
}
Event: 510.942 GC heap before
{Heap before GC invocations=38 (full 3):
 garbage-first heap   total 116736K, used 98123K [0x000000070a600000, 0x0000000800000000)
  region size 2048K, 31 young (63488K), 0 survivors (0K)
 Metaspace       used 102789K, committed 103552K, reserved 1179648K
  class space    used 13979K, committed 14336K, reserved 1048576K
}
Event: 510.948 GC heap after
{Heap after GC invocations=39 (full 3):
 garbage-first heap   total 116736K, used 42284K [0x000000070a600000, 0x0000000800000000)
  region size 2048K, 3 young (6144K), 3 survivors (6144K)
 Metaspace       used 102789K, committed 103552K, reserved 1179648K
  class space    used 13979K, committed 14336K, reserved 1048576K
}
Event: 511.807 GC heap before
{Heap before GC invocations=39 (full 3):
 garbage-first heap   total 116736K, used 99628K [0x000000070a600000, 0x0000000800000000)
  region size 2048K, 31 young (63488K), 3 survivors (6144K)
 Metaspace       used 103306K, committed 104000K, reserved 1179648K
  class space    used 14016K, committed 14336K, reserved 1048576K
}
Event: 511.813 GC heap after
{Heap after GC invocations=40 (full 3):
 garbage-first heap   total 116736K, used 45349K [0x000000070a600000, 0x0000000800000000)
  region size 2048K, 3 young (6144K), 3 survivors (6144K)
 Metaspace       used 103306K, committed 104000K, reserved 1179648K
  class space    used 14016K, committed 14336K, reserved 1048576K
}
Event: 528.530 GC heap before
{Heap before GC invocations=40 (full 3):
 garbage-first heap   total 116736K, used 53541K [0x000000070a600000, 0x0000000800000000)
  region size 2048K, 8 young (16384K), 3 survivors (6144K)
 Metaspace       used 103505K, committed 104256K, reserved 1179648K
  class space    used 14031K, committed 14400K, reserved 1048576K
}
Event: 528.621 GC heap after
{Heap after GC invocations=41 (full 4):
 garbage-first heap   total 116736K, used 37274K [0x000000070a600000, 0x0000000800000000)
  region size 2048K, 0 young (0K), 0 survivors (0K)
 Metaspace       used 103485K, committed 104256K, reserved 1179648K
  class space    used 14030K, committed 14400K, reserved 1048576K
}
Event: 529.814 GC heap before
{Heap before GC invocations=41 (full 4):
 garbage-first heap   total 116736K, used 98714K [0x000000070a600000, 0x0000000800000000)
  region size 2048K, 31 young (63488K), 0 survivors (0K)
 Metaspace       used 103754K, committed 104448K, reserved 1179648K
  class space    used 14061K, committed 14400K, reserved 1048576K
}
Event: 529.823 GC heap after
{Heap after GC invocations=42 (full 4):
 garbage-first heap   total 116736K, used 43115K [0x000000070a600000, 0x0000000800000000)
  region size 2048K, 3 young (6144K), 3 survivors (6144K)
 Metaspace       used 103754K, committed 104448K, reserved 1179648K
  class space    used 14061K, committed 14400K, reserved 1048576K
}

